Copyright 1986-2022 Xilinx, Inc. All Rights Reserved. Copyright 2022-2023 Advanced Micro Devices, Inc. All Rights Reserved.
---------------------------------------------------------------------------------------------------------------------------------------------
| Tool Version : Vivado v.2023.2 (win64) Build 4029153 Fri Oct 13 20:14:34 MDT 2023
| Date         : Thu Jun 25 20:00:00 2026
| Host         : LAPTOP-3NTJHQPG running 64-bit major release  (build 9200)
| Command      : report_timing_summary -file reports/timing_impl_vectorless.rpt
| Design       : vit_bd_wrapper
| Device       : 7z020-clg400
| Speed File   : -1  PRODUCTION 1.12 2019-11-22
| Design State : Routed
---------------------------------------------------------------------------------------------------------------------------------------------

Timing Summary Report

------------------------------------------------------------------------------------------------
| Timer Settings
| --------------
------------------------------------------------------------------------------------------------

  Enable Multi Corner Analysis               :  Yes
  Enable Pessimism Removal                   :  Yes
  Pessimism Removal Resolution               :  Nearest Common Node
  Enable Input Delay Default Clock           :  No
  Enable Preset / Clear Arcs                 :  No
  Disable Flight Delays                      :  No
  Ignore I/O Paths                           :  No
  Timing Early Launch at Borrowing Latches   :  No
  Borrow Time for Max Delay Exceptions       :  Yes
  Merge Timing Exceptions                    :  Yes
  Inter-SLR Compensation                     :  Conservative

  Corner  Analyze    Analyze    
  Name    Max Paths  Min Paths  
  ------  ---------  ---------  
  Slow    Yes        Yes        
  Fast    Yes        Yes        


------------------------------------------------------------------------------------------------
| Report Methodology
| ------------------
------------------------------------------------------------------------------------------------

Rule      Severity  Description                                  Violations  
--------  --------  -------------------------------------------  ----------  
DPIR-1    Warning   Asynchronous driver check                    90          
ULMTCS-1  Warning   Control Sets use limits recommend reduction  1           

Note: This report is based on the most recent report_methodology run and may not be up-to-date. Run report_methodology on the current design for the latest report.



check_timing report

Table of Contents
-----------------
1. checking no_clock (0)
2. checking constant_clock (0)
3. checking pulse_width_clock (0)
4. checking unconstrained_internal_endpoints (0)
5. checking no_input_delay (0)
6. checking no_output_delay (0)
7. checking multiple_clock (0)
8. checking generated_clocks (0)
9. checking loops (0)
10. checking partial_input_delay (0)
11. checking partial_output_delay (0)
12. checking latch_loops (0)

1. checking no_clock (0)
------------------------
 There are 0 register/latch pins with no clock.


2. checking constant_clock (0)
------------------------------
 There are 0 register/latch pins with constant_clock.


3. checking pulse_width_clock (0)
---------------------------------
 There are 0 register/latch pins which need pulse_width check


4. checking unconstrained_internal_endpoints (0)
------------------------------------------------
 There are 0 pins that are not constrained for maximum delay.

 There are 0 pins that are not constrained for maximum delay due to constant clock.


5. checking no_input_delay (0)
------------------------------
 There are 0 input ports with no input delay specified.

 There are 0 input ports with no input delay but user has a false path constraint.


6. checking no_output_delay (0)
-------------------------------
 There are 0 ports with no output delay specified.

 There are 0 ports with no output delay but user has a false path constraint

 There are 0 ports with no output delay but with a timing clock defined on it or propagating through it


7. checking multiple_clock (0)
------------------------------
 There are 0 register/latch pins with multiple clocks.


8. checking generated_clocks (0)
--------------------------------
 There are 0 generated clocks that are not connected to a clock source.


9. checking loops (0)
---------------------
 There are 0 combinational loops in the design.


10. checking partial_input_delay (0)
------------------------------------
 There are 0 input ports with partial input delay specified.


11. checking partial_output_delay (0)
-------------------------------------
 There are 0 ports with partial output delay specified.


12. checking latch_loops (0)
----------------------------
 There are 0 combinational latch loops in the design through latch input



------------------------------------------------------------------------------------------------
| Design Timing Summary
| ---------------------
------------------------------------------------------------------------------------------------

    WNS(ns)      TNS(ns)  TNS Failing Endpoints  TNS Total Endpoints      WHS(ns)      THS(ns)  THS Failing Endpoints  THS Total Endpoints     WPWS(ns)     TPWS(ns)  TPWS Failing Endpoints  TPWS Total Endpoints  
    -------      -------  ---------------------  -------------------      -------      -------  ---------------------  -------------------     --------     --------  ----------------------  --------------------  
      5.189        0.000                      0                74904        0.037        0.000                      0                74904       18.750        0.000                       0                 27136  


All user specified timing constraints are met.


------------------------------------------------------------------------------------------------
| Clock Summary
| -------------
------------------------------------------------------------------------------------------------

Clock       Waveform(ns)       Period(ns)      Frequency(MHz)
-----       ------------       ----------      --------------
clk_fpga_0  {0.000 20.000}     40.000          25.000          


------------------------------------------------------------------------------------------------
| Intra Clock Table
| -----------------
------------------------------------------------------------------------------------------------

Clock             WNS(ns)      TNS(ns)  TNS Failing Endpoints  TNS Total Endpoints      WHS(ns)      THS(ns)  THS Failing Endpoints  THS Total Endpoints     WPWS(ns)     TPWS(ns)  TPWS Failing Endpoints  TPWS Total Endpoints  
-----             -------      -------  ---------------------  -------------------      -------      -------  ---------------------  -------------------     --------     --------  ----------------------  --------------------  
clk_fpga_0          5.189        0.000                      0                71031        0.037        0.000                      0                71031       18.750        0.000                       0                 27136  


------------------------------------------------------------------------------------------------
| Inter Clock Table
| -----------------
------------------------------------------------------------------------------------------------

From Clock    To Clock          WNS(ns)      TNS(ns)  TNS Failing Endpoints  TNS Total Endpoints      WHS(ns)      THS(ns)  THS Failing Endpoints  THS Total Endpoints  
----------    --------          -------      -------  ---------------------  -------------------      -------      -------  ---------------------  -------------------  


------------------------------------------------------------------------------------------------
| Other Path Groups Table
| -----------------------
------------------------------------------------------------------------------------------------

Path Group         From Clock         To Clock               WNS(ns)      TNS(ns)  TNS Failing Endpoints  TNS Total Endpoints      WHS(ns)      THS(ns)  THS Failing Endpoints  THS Total Endpoints  
----------         ----------         --------               -------      -------  ---------------------  -------------------      -------      -------  ---------------------  -------------------  
**async_default**  clk_fpga_0         clk_fpga_0              16.905        0.000                      0                 3873        2.778        0.000                      0                 3873  


------------------------------------------------------------------------------------------------
| Timing Details
| --------------
------------------------------------------------------------------------------------------------


---------------------------------------------------------------------------------------------------
From Clock:  clk_fpga_0
  To Clock:  clk_fpga_0

Setup :            0  Failing Endpoints,  Worst Slack        5.189ns,  Total Violation        0.000ns
Hold  :            0  Failing Endpoints,  Worst Slack        0.037ns,  Total Violation        0.000ns
PW    :            0  Failing Endpoints,  Worst Slack       18.750ns,  Total Violation        0.000ns
---------------------------------------------------------------------------------------------------


Max Delay Paths
--------------------------------------------------------------------------------------
Slack (MET) :             5.189ns  (required time - arrival time)
  Source:                 vit_bd_i/ViT_DDR_AxiLite_Wrap_0/inst/u_core/u_vit_image_top/u_vit/u_x_bram/g_act_bank[14].g_clear_bank.RAMB36E1_inst/CLKARDCLK
                            (rising edge-triggered cell RAMB36E1 clocked by clk_fpga_0  {rise@0.000ns fall@20.000ns period=40.000ns})
  Destination:            vit_bd_i/ViT_DDR_AxiLite_Wrap_0/inst/u_core/u_vit_image_top/u_vit/rms1_stat_wr_data_reg[4]/D
                            (rising edge-triggered cell FDCE clocked by clk_fpga_0  {rise@0.000ns fall@20.000ns period=40.000ns})
  Path Group:             clk_fpga_0
  Path Type:              Setup (Max at Slow Process Corner)
  Requirement:            40.000ns  (clk_fpga_0 rise@40.000ns - clk_fpga_0 rise@0.000ns)
  Data Path Delay:        34.021ns  (logic 14.907ns (43.817%)  route 19.114ns (56.183%))
  Logic Levels:           39  (CARRY4=18 LUT2=2 LUT3=4 LUT4=2 LUT5=3 LUT6=7 MUXF7=3)
  Clock Path Skew:        -0.253ns (DCD - SCD + CPR)
    Destination Clock Delay (DCD):    2.757ns = ( 42.757 - 40.000 ) 
    Source Clock Delay      (SCD):    3.139ns
    Clock Pessimism Removal (CPR):    0.129ns
  Clock Uncertainty:      0.601ns  ((TSJ^2 + TIJ^2)^1/2 + DJ) / 2 + PE
    Total System Jitter     (TSJ):    0.071ns
    Total Input Jitter      (TIJ):    1.200ns
    Discrete Jitter          (DJ):    0.000ns
    Phase Error              (PE):    0.000ns

    Location             Delay type                Incr(ns)  Path(ns)    Netlist Resource(s)
  -------------------------------------------------------------------    -------------------
                         (clock clk_fpga_0 rise edge)
                                                      0.000     0.000 r  
    PS7_X0Y0             PS7                          0.000     0.000 r  vit_bd_i/processing_system7_0/inst/PS7_i/FCLKCLK[0]
                         net (fo=1, routed)           1.193     1.193    vit_bd_i/processing_system7_0/inst/FCLK_CLK_unbuffered[0]
    BUFGCTRL_X0Y16       BUFG (Prop_bufg_I_O)         0.101     1.294 r  vit_bd_i/processing_system7_0/inst/buffer_fclk_clk_0.FCLK_CLK_0_BUFG/O
                         net (fo=27137, routed)       1.845     3.139    vit_bd_i/ViT_DDR_AxiLite_Wrap_0/inst/u_core/u_vit_image_top/u_vit/u_x_bram/s_axi_aclk
    RAMB36_X5Y8          RAMB36E1                                     r  vit_bd_i/ViT_DDR_AxiLite_Wrap_0/inst/u_core/u_vit_image_top/u_vit/u_x_bram/g_act_bank[14].g_clear_bank.RAMB36E1_inst/CLKARDCLK
  -------------------------------------------------------------------    -------------------
    RAMB36_X5Y8          RAMB36E1 (Prop_ramb36e1_CLKARDCLK_DOADO[11])
                                                      2.454     5.593 r  vit_bd_i/ViT_DDR_AxiLite_Wrap_0/inst/u_core/u_vit_image_top/u_vit/u_x_bram/g_act_bank[14].g_clear_bank.RAMB36E1_inst/DOADO[11]
                         net (fo=1, routed)           2.676     8.270    vit_bd_i/ViT_DDR_AxiLite_Wrap_0/inst/u_core/u_vit_image_top/u_vit/u_x_bram/g_act_bank[14].g_clear_bank.RAMB36E1_inst_n_24
    SLICE_X54Y51         LUT6 (Prop_lut6_I1_O)        0.124     8.394 r  vit_bd_i/ViT_DDR_AxiLite_Wrap_0/inst/u_core/u_vit_image_top/u_vit/u_x_bram/ppu_residual_tile_reg[491]_i_17/O
                         net (fo=1, routed)           0.000     8.394    vit_bd_i/ViT_DDR_AxiLite_Wrap_0/inst/u_core/u_vit_image_top/u_vit/u_x_bram/ppu_residual_tile_reg[491]_i_17_n_0
    SLICE_X54Y51         MUXF7 (Prop_muxf7_I1_O)      0.214     8.608 r  vit_bd_i/ViT_DDR_AxiLite_Wrap_0/inst/u_core/u_vit_image_top/u_vit/u_x_bram/ppu_residual_tile_reg_reg[491]_i_8/O
                         net (fo=1, routed)           1.015     9.623    vit_bd_i/ViT_DDR_AxiLite_Wrap_0/inst/u_core/u_vit_image_top/u_vit/u_x_bram/ppu_residual_tile_reg_reg[491]_i_8_n_0
    SLICE_X85Y46         LUT6 (Prop_lut6_I3_O)        0.297     9.920 r  vit_bd_i/ViT_DDR_AxiLite_Wrap_0/inst/u_core/u_vit_image_top/u_vit/u_x_bram/ppu_residual_tile_reg[491]_i_3/O
                         net (fo=44, routed)          1.516    11.436    vit_bd_i/ViT_DDR_AxiLite_Wrap_0/inst/u_core/u_vit_image_top/u_vit/u_x_bram/rd_in_range_d_reg_0[10]
    SLICE_X83Y25         LUT2 (Prop_lut2_I0_O)        0.152    11.588 r  vit_bd_i/ViT_DDR_AxiLite_Wrap_0/inst/u_core/u_vit_image_top/u_vit/u_x_bram/rms1_stat_sum[7]_i_54/O
                         net (fo=4, routed)           1.004    12.592    vit_bd_i/ViT_DDR_AxiLite_Wrap_0/inst/u_core/u_vit_image_top/u_vit/u_x_bram/rms1_stat_sum[7]_i_54_n_0
    SLICE_X83Y24         LUT5 (Prop_lut5_I0_O)        0.354    12.946 r  vit_bd_i/ViT_DDR_AxiLite_Wrap_0/inst/u_core/u_vit_image_top/u_vit/u_x_bram/rms1_stat_sum[15]_i_100/O
                         net (fo=2, routed)           0.586    13.532    vit_bd_i/ViT_DDR_AxiLite_Wrap_0/inst/u_core/u_vit_image_top/u_vit/u_x_bram/rms1_stat_sum[15]_i_100_n_0
    SLICE_X83Y22         LUT6 (Prop_lut6_I2_O)        0.332    13.864 r  vit_bd_i/ViT_DDR_AxiLite_Wrap_0/inst/u_core/u_vit_image_top/u_vit/u_x_bram/rms1_stat_sum[15]_i_104/O
                         net (fo=1, routed)           0.000    13.864    vit_bd_i/ViT_DDR_AxiLite_Wrap_0/inst/u_core/u_vit_image_top/u_vit/u_x_bram/rms1_stat_sum[15]_i_104_n_0
    SLICE_X83Y22         CARRY4 (Prop_carry4_S[1]_CO[3])
                                                      0.550    14.414 r  vit_bd_i/ViT_DDR_AxiLite_Wrap_0/inst/u_core/u_vit_image_top/u_vit/u_x_bram/rms1_stat_sum_reg[15]_i_81/CO[3]
                         net (fo=1, routed)           0.000    14.414    vit_bd_i/ViT_DDR_AxiLite_Wrap_0/inst/u_core/u_vit_image_top/u_vit/u_x_bram/rms1_stat_sum_reg[15]_i_81_n_0
    SLICE_X83Y23         CARRY4 (Prop_carry4_CI_O[0])
                                                      0.222    14.636 r  vit_bd_i/ViT_DDR_AxiLite_Wrap_0/inst/u_core/u_vit_image_top/u_vit/u_x_bram/rms1_stat_sum_reg[19]_i_93/O[0]
                         net (fo=4, routed)           0.871    15.507    vit_bd_i/ViT_DDR_AxiLite_Wrap_0/inst/u_core/u_vit_image_top/u_vit/u_x_bram/rms1_stat_sum_reg[19]_i_93_n_7
    SLICE_X82Y21         LUT3 (Prop_lut3_I2_O)        0.323    15.830 r  vit_bd_i/ViT_DDR_AxiLite_Wrap_0/inst/u_core/u_vit_image_top/u_vit/u_x_bram/rms1_stat_sum[15]_i_73/O
                         net (fo=1, routed)           0.482    16.312    vit_bd_i/ViT_DDR_AxiLite_Wrap_0/inst/u_core/u_vit_image_top/u_vit/u_x_bram/rms1_stat_sum[15]_i_73_n_0
    SLICE_X80Y22         CARRY4 (Prop_carry4_DI[1]_CO[3])
                                                      0.711    17.023 r  vit_bd_i/ViT_DDR_AxiLite_Wrap_0/inst/u_core/u_vit_image_top/u_vit/u_x_bram/rms1_stat_sum_reg[15]_i_44/CO[3]
                         net (fo=1, routed)           0.000    17.023    vit_bd_i/ViT_DDR_AxiLite_Wrap_0/inst/u_core/u_vit_image_top/u_vit/u_x_bram/rms1_stat_sum_reg[15]_i_44_n_0
    SLICE_X80Y23         CARRY4 (Prop_carry4_CI_CO[3])
                                                      0.114    17.137 r  vit_bd_i/ViT_DDR_AxiLite_Wrap_0/inst/u_core/u_vit_image_top/u_vit/u_x_bram/rms1_stat_sum_reg[19]_i_43/CO[3]
                         net (fo=1, routed)           0.000    17.137    vit_bd_i/ViT_DDR_AxiLite_Wrap_0/inst/u_core/u_vit_image_top/u_vit/u_x_bram/rms1_stat_sum_reg[19]_i_43_n_0
    SLICE_X80Y24         CARRY4 (Prop_carry4_CI_O[1])
                                                      0.334    17.471 r  vit_bd_i/ViT_DDR_AxiLite_Wrap_0/inst/u_core/u_vit_image_top/u_vit/u_x_bram/rms1_stat_sum_reg[19]_i_42/O[1]
                         net (fo=5, routed)           0.672    18.144    vit_bd_i/ViT_DDR_AxiLite_Wrap_0/inst/u_core/u_vit_image_top/u_vit/u_x_bram/rms_square_u8_zp128_return[17]
    SLICE_X79Y23         LUT4 (Prop_lut4_I0_O)        0.303    18.447 r  vit_bd_i/ViT_DDR_AxiLite_Wrap_0/inst/u_core/u_vit_image_top/u_vit/u_x_bram/rms1_stat_sum[19]_i_44/O
                         net (fo=1, routed)           0.000    18.447    vit_bd_i/ViT_DDR_AxiLite_Wrap_0/inst/u_core/u_vit_image_top/u_vit/u_x_bram/rms1_stat_sum[19]_i_44_n_0
    SLICE_X79Y23         CARRY4 (Prop_carry4_S[3]_CO[3])
                                                      0.401    18.848 r  vit_bd_i/ViT_DDR_AxiLite_Wrap_0/inst/u_core/u_vit_image_top/u_vit/u_x_bram/rms1_stat_sum_reg[19]_i_31/CO[3]
                         net (fo=1, routed)           0.000    18.848    vit_bd_i/ViT_DDR_AxiLite_Wrap_0/inst/u_core/u_vit_image_top/u_vit/u_x_bram/rms1_stat_sum_reg[19]_i_31_n_0
    SLICE_X79Y24         CARRY4 (Prop_carry4_CI_CO[1])
                                                      0.157    19.005 r  vit_bd_i/ViT_DDR_AxiLite_Wrap_0/inst/u_core/u_vit_image_top/u_vit/u_x_bram/rms1_stat_sum_reg[23]_i_12/CO[1]
                         net (fo=4, routed)           0.448    19.453    vit_bd_i/ViT_DDR_AxiLite_Wrap_0/inst/u_core/u_vit_image_top/u_vit/u_x_bram/rms1_stat_sum_reg[23]_i_12_n_2
    SLICE_X78Y25         CARRY4 (Prop_carry4_CYINIT_O[1])
                                                      0.803    20.256 r  vit_bd_i/ViT_DDR_AxiLite_Wrap_0/inst/u_core/u_vit_image_top/u_vit/u_x_bram/rms1_stat_sum_reg[23]_i_13/O[1]
                         net (fo=2, routed)           0.510    20.766    vit_bd_i/ViT_DDR_AxiLite_Wrap_0/inst/u_core/u_vit_image_top/u_vit/u_x_bram/rms1_stat_sum_reg[23]_i_13_n_6
    SLICE_X76Y25         LUT5 (Prop_lut5_I0_O)        0.303    21.069 r  vit_bd_i/ViT_DDR_AxiLite_Wrap_0/inst/u_core/u_vit_image_top/u_vit/u_x_bram/rms1_stat_sum[23]_i_11/O
                         net (fo=1, routed)           0.000    21.069    vit_bd_i/ViT_DDR_AxiLite_Wrap_0/inst/u_core/u_vit_image_top/u_vit/u_x_bram/rms1_stat_sum[23]_i_11_n_0
    SLICE_X76Y25         CARRY4 (Prop_carry4_S[0]_O[1])
                                                      0.424    21.493 r  vit_bd_i/ViT_DDR_AxiLite_Wrap_0/inst/u_core/u_vit_image_top/u_vit/u_x_bram/rms1_stat_sum_reg[23]_i_8/O[1]
                         net (fo=1, routed)           0.568    22.060    vit_bd_i/ViT_DDR_AxiLite_Wrap_0/inst/u_core/u_vit_image_top/u_vit/u_x_bram/rms_word_sum_u8_zp1280[21]
    SLICE_X73Y25         LUT3 (Prop_lut3_I0_O)        0.303    22.363 r  vit_bd_i/ViT_DDR_AxiLite_Wrap_0/inst/u_core/u_vit_image_top/u_vit/u_x_bram/rms1_stat_sum[23]_i_6/O
                         net (fo=1, routed)           0.000    22.363    vit_bd_i/ViT_DDR_AxiLite_Wrap_0/inst/u_core/u_vit_image_top/u_vit/u_x_bram/rms_word_sum_u8_zp1280_out[21]
    SLICE_X73Y25         CARRY4 (Prop_carry4_S[1]_O[1])
                                                      0.227    22.590 r  vit_bd_i/ViT_DDR_AxiLite_Wrap_0/inst/u_core/u_vit_image_top/u_vit/u_x_bram/rms1_stat_sum_reg[23]_i_5/O[1]
                         net (fo=1, routed)           0.740    23.330    vit_bd_i/ViT_DDR_AxiLite_Wrap_0/inst/u_core/u_vit_image_top/u_vit/u_x_bram/rms_word_sum_u8_zp128_return[21]
    SLICE_X72Y21         LUT2 (Prop_lut2_I1_O)        0.303    23.633 r  vit_bd_i/ViT_DDR_AxiLite_Wrap_0/inst/u_core/u_vit_image_top/u_vit/u_x_bram/rms1_stat_sum[23]_i_3/O
                         net (fo=1, routed)           0.000    23.633    vit_bd_i/ViT_DDR_AxiLite_Wrap_0/inst/u_core/u_vit_image_top/u_vit/u_x_bram/rms1_stat_sum[23]_i_3_n_0
    SLICE_X72Y21         CARRY4 (Prop_carry4_S[1]_CO[3])
                                                      0.550    24.183 r  vit_bd_i/ViT_DDR_AxiLite_Wrap_0/inst/u_core/u_vit_image_top/u_vit/u_x_bram/rms1_stat_sum_reg[23]_i_2/CO[3]
                         net (fo=1, routed)           0.000    24.183    vit_bd_i/ViT_DDR_AxiLite_Wrap_0/inst/u_core/u_vit_image_top/u_vit/u_x_bram/rms1_stat_sum_reg[23]_i_2_n_0
    SLICE_X72Y22         CARRY4 (Prop_carry4_CI_O[2])
                                                      0.239    24.422 r  vit_bd_i/ViT_DDR_AxiLite_Wrap_0/inst/u_core/u_vit_image_top/u_vit/u_x_bram/rms1_stat_sum_reg[27]_i_2/O[2]
                         net (fo=12, routed)          0.697    25.119    vit_bd_i/ViT_DDR_AxiLite_Wrap_0/inst/u_core/u_vit_image_top/u_vit/u_x_bram/data0[26]
    SLICE_X70Y22         LUT3 (Prop_lut3_I0_O)        0.302    25.421 r  vit_bd_i/ViT_DDR_AxiLite_Wrap_0/inst/u_core/u_vit_image_top/u_vit/u_x_bram/lut_addr_o4__0_carry__5_i_7/O
                         net (fo=1, routed)           0.000    25.421    vit_bd_i/ViT_DDR_AxiLite_Wrap_0/inst/u_core/u_vit_image_top/u_vit/u_inv_addrgen/lut_addr_o4__101_carry__5_i_17_0[1]
    SLICE_X70Y22         CARRY4 (Prop_carry4_S[1]_CO[3])
                                                      0.550    25.971 r  vit_bd_i/ViT_DDR_AxiLite_Wrap_0/inst/u_core/u_vit_image_top/u_vit/u_inv_addrgen/lut_addr_o4__0_carry__5/CO[3]
                         net (fo=1, routed)           0.000    25.971    vit_bd_i/ViT_DDR_AxiLite_Wrap_0/inst/u_core/u_vit_image_top/u_vit/u_inv_addrgen/lut_addr_o4__0_carry__5_n_0
    SLICE_X70Y23         CARRY4 (Prop_carry4_CI_O[2])
                                                      0.239    26.210 r  vit_bd_i/ViT_DDR_AxiLite_Wrap_0/inst/u_core/u_vit_image_top/u_vit/u_inv_addrgen/lut_addr_o4__0_carry__6/O[2]
                         net (fo=4, routed)           0.486    26.696    vit_bd_i/ViT_DDR_AxiLite_Wrap_0/inst/u_core/u_vit_image_top/u_vit/u_inv_addrgen/lut_addr_o4__0_carry__6_i_7[2]
    SLICE_X67Y24         LUT3 (Prop_lut3_I0_O)        0.302    26.998 r  vit_bd_i/ViT_DDR_AxiLite_Wrap_0/inst/u_core/u_vit_image_top/u_vit/u_inv_addrgen/lut_addr_o4__101_carry__6_i_9/O
                         net (fo=1, routed)           0.667    27.665    vit_bd_i/ViT_DDR_AxiLite_Wrap_0/inst/u_core/u_vit_image_top/u_vit/u_x_bram/lut_addr_o4__101_carry__6
    SLICE_X67Y24         LUT6 (Prop_lut6_I4_O)        0.124    27.789 r  vit_bd_i/ViT_DDR_AxiLite_Wrap_0/inst/u_core/u_vit_image_top/u_vit/u_x_bram/lut_addr_o4__101_carry__6_i_1/O
                         net (fo=2, routed)           0.804    28.593    vit_bd_i/ViT_DDR_AxiLite_Wrap_0/inst/u_core/u_vit_image_top/u_vit/u_x_bram/rms1_stat_sum_reg[31]_0[3]
    SLICE_X68Y23         LUT6 (Prop_lut6_I0_O)        0.124    28.717 r  vit_bd_i/ViT_DDR_AxiLite_Wrap_0/inst/u_core/u_vit_image_top/u_vit/u_x_bram/lut_addr_o4__101_carry__6_i_5/O
                         net (fo=1, routed)           0.000    28.717    vit_bd_i/ViT_DDR_AxiLite_Wrap_0/inst/u_core/u_vit_image_top/u_vit/u_inv_addrgen/lut_addr_o3_carry__3_2[3]
    SLICE_X68Y23         CARRY4 (Prop_carry4_S[3]_CO[3])
                                                      0.401    29.118 r  vit_bd_i/ViT_DDR_AxiLite_Wrap_0/inst/u_core/u_vit_image_top/u_vit/u_inv_addrgen/lut_addr_o4__101_carry__6/CO[3]
                         net (fo=1, routed)           0.000    29.118    vit_bd_i/ViT_DDR_AxiLite_Wrap_0/inst/u_core/u_vit_image_top/u_vit/u_inv_addrgen/lut_addr_o4__101_carry__6_n_0
    SLICE_X68Y24         CARRY4 (Prop_carry4_CI_O[1])
                                                      0.334    29.452 r  vit_bd_i/ViT_DDR_AxiLite_Wrap_0/inst/u_core/u_vit_image_top/u_vit/u_inv_addrgen/lut_addr_o4__101_carry__7/O[1]
                         net (fo=1, routed)           0.534    29.986    vit_bd_i/ViT_DDR_AxiLite_Wrap_0/inst/u_core/u_vit_image_top/u_vit/u_inv_addrgen/prod[37]
    SLICE_X66Y23         CARRY4 (Prop_carry4_S[3]_CO[3])
                                                      0.679    30.665 r  vit_bd_i/ViT_DDR_AxiLite_Wrap_0/inst/u_core/u_vit_image_top/u_vit/u_inv_addrgen/lut_addr_o3_carry__4/CO[3]
                         net (fo=1, routed)           0.000    30.665    vit_bd_i/ViT_DDR_AxiLite_Wrap_0/inst/u_core/u_vit_image_top/u_vit/u_inv_addrgen/lut_addr_o3_carry__4_n_0
    SLICE_X66Y24         CARRY4 (Prop_carry4_CI_O[1])
                                                      0.323    30.988 r  vit_bd_i/ViT_DDR_AxiLite_Wrap_0/inst/u_core/u_vit_image_top/u_vit/u_inv_addrgen/lut_addr_o3_carry__5/O[1]
                         net (fo=1, routed)           0.836    31.823    vit_bd_i/ViT_DDR_AxiLite_Wrap_0/inst/u_core/u_vit_image_top/u_vit/u_inv_addrgen/lut_addr_o3[39]
    SLICE_X64Y24         LUT4 (Prop_lut4_I0_O)        0.306    32.129 r  vit_bd_i/ViT_DDR_AxiLite_Wrap_0/inst/u_core/u_vit_image_top/u_vit/u_inv_addrgen/rms1_stat_wr_data[14]_i_10/O
                         net (fo=13, routed)          0.791    32.920    vit_bd_i/ViT_DDR_AxiLite_Wrap_0/inst/u_core/u_vit_image_top/u_vit/u_inv_addrgen/lut_addr_o3_carry__5_0
    SLICE_X57Y20         LUT5 (Prop_lut5_I1_O)        0.124    33.044 r  vit_bd_i/ViT_DDR_AxiLite_Wrap_0/inst/u_core/u_vit_image_top/u_vit/u_inv_addrgen/rms1_stat_wr_data[14]_i_14/O
                         net (fo=157, routed)         2.410    35.454    vit_bd_i/ViT_DDR_AxiLite_Wrap_0/inst/u_core/u_vit_image_top/u_vit/u_inv_lut/inv_lut_addr[8]
    SLICE_X13Y11         LUT6 (Prop_lut6_I1_O)        0.124    35.578 r  vit_bd_i/ViT_DDR_AxiLite_Wrap_0/inst/u_core/u_vit_image_top/u_vit/u_inv_lut/rms1_stat_wr_data[4]_i_22/O
                         net (fo=1, routed)           0.000    35.578    vit_bd_i/ViT_DDR_AxiLite_Wrap_0/inst/u_core/u_vit_image_top/u_vit/u_inv_lut/rms1_stat_wr_data[4]_i_22_n_0
    SLICE_X13Y11         MUXF7 (Prop_muxf7_I0_O)      0.238    35.816 r  vit_bd_i/ViT_DDR_AxiLite_Wrap_0/inst/u_core/u_vit_image_top/u_vit/u_inv_lut/rms1_stat_wr_data_reg[4]_i_9/O
                         net (fo=1, routed)           0.802    36.618    vit_bd_i/ViT_DDR_AxiLite_Wrap_0/inst/u_core/u_vit_image_top/u_vit/u_inv_lut/rms1_stat_wr_data_reg[4]_i_9_n_0
    SLICE_X13Y10         LUT6 (Prop_lut6_I1_O)        0.298    36.916 r  vit_bd_i/ViT_DDR_AxiLite_Wrap_0/inst/u_core/u_vit_image_top/u_vit/u_inv_lut/rms1_stat_wr_data[4]_i_3/O
                         net (fo=1, routed)           0.000    36.916    vit_bd_i/ViT_DDR_AxiLite_Wrap_0/inst/u_core/u_vit_image_top/u_vit/u_inv_lut/rms1_stat_wr_data[4]_i_3_n_0
    SLICE_X13Y10         MUXF7 (Prop_muxf7_I1_O)      0.245    37.161 r  vit_bd_i/ViT_DDR_AxiLite_Wrap_0/inst/u_core/u_vit_image_top/u_vit/u_inv_lut/rms1_stat_wr_data_reg[4]_i_1/O
                         net (fo=1, routed)           0.000    37.161    vit_bd_i/ViT_DDR_AxiLite_Wrap_0/inst/u_core/u_vit_image_top/u_vit/inv_lut_data[4]
    SLICE_X13Y10         FDCE                                         r  vit_bd_i/ViT_DDR_AxiLite_Wrap_0/inst/u_core/u_vit_image_top/u_vit/rms1_stat_wr_data_reg[4]/D
  -------------------------------------------------------------------    -------------------

                         (clock clk_fpga_0 rise edge)
                                                     40.000    40.000 r  
    PS7_X0Y0             PS7                          0.000    40.000 r  vit_bd_i/processing_system7_0/inst/PS7_i/FCLKCLK[0]
                         net (fo=1, routed)           1.088    41.088    vit_bd_i/processing_system7_0/inst/FCLK_CLK_unbuffered[0]
    BUFGCTRL_X0Y16       BUFG (Prop_bufg_I_O)         0.091    41.179 r  vit_bd_i/processing_system7_0/inst/buffer_fclk_clk_0.FCLK_CLK_0_BUFG/O
                         net (fo=27137, routed)       1.578    42.757    vit_bd_i/ViT_DDR_AxiLite_Wrap_0/inst/u_core/u_vit_image_top/u_vit/s_axi_aclk
    SLICE_X13Y10         FDCE                                         r  vit_bd_i/ViT_DDR_AxiLite_Wrap_0/inst/u_core/u_vit_image_top/u_vit/rms1_stat_wr_data_reg[4]/C
                         clock pessimism              0.129    42.886    
                         clock uncertainty           -0.601    42.285    
    SLICE_X13Y10         FDCE (Setup_fdce_C_D)        0.064    42.349    vit_bd_i/ViT_DDR_AxiLite_Wrap_0/inst/u_core/u_vit_image_top/u_vit/rms1_stat_wr_data_reg[4]
  -------------------------------------------------------------------
                         required time                         42.349    
                         arrival time                         -37.161    
  -------------------------------------------------------------------
                         slack                                  5.189    





Min Delay Paths
--------------------------------------------------------------------------------------
Slack (MET) :             0.037ns  (arrival time - required time)
  Source:                 vit_bd_i/smartconnect_1/inst/s00_nodes/s00_w_node/inst/inst_mi_handler/gen_normal_area.gen_upsizer.inst_upsizer/gen_w_ch.accum_reg[bytes][2][userdata][1]/C
                            (rising edge-triggered cell FDRE clocked by clk_fpga_0  {rise@0.000ns fall@20.000ns period=40.000ns})
  Destination:            vit_bd_i/smartconnect_1/inst/s00_nodes/s00_w_node/inst/inst_mi_handler/gen_normal_area.inst_fifo_node_payld/gen_xpm_memory_fifo.inst_fifo/gen_mem_rep[0].inst_xpm_memory/xpm_memory_base_inst/gen_wr_a.gen_word_narrow.mem_reg_0_31_36_41/RAMA/I
                            (rising edge-triggered cell RAMD32 clocked by clk_fpga_0  {rise@0.000ns fall@20.000ns period=40.000ns})
  Path Group:             clk_fpga_0
  Path Type:              Hold (Min at Fast Process Corner)
  Requirement:            0.000ns  (clk_fpga_0 rise@0.000ns - clk_fpga_0 rise@0.000ns)
  Data Path Delay:        0.197ns  (logic 0.141ns (71.611%)  route 0.056ns (28.389%))
  Logic Levels:           0  
  Clock Path Skew:        0.013ns (DCD - SCD - CPR)
    Destination Clock Delay (DCD):    1.209ns
    Source Clock Delay      (SCD):    0.909ns
    Clock Pessimism Removal (CPR):    0.287ns

    Location             Delay type                Incr(ns)  Path(ns)    Netlist Resource(s)
  -------------------------------------------------------------------    -------------------
                         (clock clk_fpga_0 rise edge)
                                                      0.000     0.000 r  
    PS7_X0Y0             PS7                          0.000     0.000 r  vit_bd_i/processing_system7_0/inst/PS7_i/FCLKCLK[0]
                         net (fo=1, routed)           0.310     0.310    vit_bd_i/processing_system7_0/inst/FCLK_CLK_unbuffered[0]
    BUFGCTRL_X0Y16       BUFG (Prop_bufg_I_O)         0.026     0.336 r  vit_bd_i/processing_system7_0/inst/buffer_fclk_clk_0.FCLK_CLK_0_BUFG/O
                         net (fo=27137, routed)       0.573     0.909    vit_bd_i/smartconnect_1/inst/s00_nodes/s00_w_node/inst/inst_mi_handler/gen_normal_area.gen_upsizer.inst_upsizer/s_sc_aclk
    SLICE_X27Y55         FDRE                                         r  vit_bd_i/smartconnect_1/inst/s00_nodes/s00_w_node/inst/inst_mi_handler/gen_normal_area.gen_upsizer.inst_upsizer/gen_w_ch.accum_reg[bytes][2][userdata][1]/C
  -------------------------------------------------------------------    -------------------
    SLICE_X27Y55         FDRE (Prop_fdre_C_Q)         0.141     1.050 r  vit_bd_i/smartconnect_1/inst/s00_nodes/s00_w_node/inst/inst_mi_handler/gen_normal_area.gen_upsizer.inst_upsizer/gen_w_ch.accum_reg[bytes][2][userdata][1]/Q
                         net (fo=1, routed)           0.056     1.105    vit_bd_i/smartconnect_1/inst/s00_nodes/s00_w_node/inst/inst_mi_handler/gen_normal_area.inst_fifo_node_payld/gen_xpm_memory_fifo.inst_fifo/gen_mem_rep[0].inst_xpm_memory/xpm_memory_base_inst/gen_wr_a.gen_word_narrow.mem_reg_0_31_36_41/DIA0
    SLICE_X26Y55         RAMD32                                       r  vit_bd_i/smartconnect_1/inst/s00_nodes/s00_w_node/inst/inst_mi_handler/gen_normal_area.inst_fifo_node_payld/gen_xpm_memory_fifo.inst_fifo/gen_mem_rep[0].inst_xpm_memory/xpm_memory_base_inst/gen_wr_a.gen_word_narrow.mem_reg_0_31_36_41/RAMA/I
  -------------------------------------------------------------------    -------------------

                         (clock clk_fpga_0 rise edge)
                                                      0.000     0.000 r  
    PS7_X0Y0             PS7                          0.000     0.000 r  vit_bd_i/processing_system7_0/inst/PS7_i/FCLKCLK[0]
                         net (fo=1, routed)           0.337     0.337    vit_bd_i/processing_system7_0/inst/FCLK_CLK_unbuffered[0]
    BUFGCTRL_X0Y16       BUFG (Prop_bufg_I_O)         0.029     0.366 r  vit_bd_i/processing_system7_0/inst/buffer_fclk_clk_0.FCLK_CLK_0_BUFG/O
                         net (fo=27137, routed)       0.843     1.209    vit_bd_i/smartconnect_1/inst/s00_nodes/s00_w_node/inst/inst_mi_handler/gen_normal_area.inst_fifo_node_payld/gen_xpm_memory_fifo.inst_fifo/gen_mem_rep[0].inst_xpm_memory/xpm_memory_base_inst/gen_wr_a.gen_word_narrow.mem_reg_0_31_36_41/WCLK
    SLICE_X26Y55         RAMD32                                       r  vit_bd_i/smartconnect_1/inst/s00_nodes/s00_w_node/inst/inst_mi_handler/gen_normal_area.inst_fifo_node_payld/gen_xpm_memory_fifo.inst_fifo/gen_mem_rep[0].inst_xpm_memory/xpm_memory_base_inst/gen_wr_a.gen_word_narrow.mem_reg_0_31_36_41/RAMA/CLK
                         clock pessimism             -0.287     0.922    
    SLICE_X26Y55         RAMD32 (Hold_ramd32_CLK_I)
                                                      0.147     1.069    vit_bd_i/smartconnect_1/inst/s00_nodes/s00_w_node/inst/inst_mi_handler/gen_normal_area.inst_fifo_node_payld/gen_xpm_memory_fifo.inst_fifo/gen_mem_rep[0].inst_xpm_memory/xpm_memory_base_inst/gen_wr_a.gen_word_narrow.mem_reg_0_31_36_41/RAMA
  -------------------------------------------------------------------
                         required time                         -1.069    
                         arrival time                           1.105    
  -------------------------------------------------------------------
                         slack                                  0.037    





Pulse Width Checks
--------------------------------------------------------------------------------------
Clock Name:         clk_fpga_0
Waveform(ns):       { 0.000 20.000 }
Period(ns):         40.000
Sources:            { vit_bd_i/processing_system7_0/inst/PS7_i/FCLKCLK[0] }

Check Type        Corner  Lib Pin      Reference Pin  Required(ns)  Actual(ns)  Slack(ns)  Location     Pin
Min Period        n/a     DSP48E1/CLK  n/a            3.884         40.000      36.116     DSP48_X3Y6   vit_bd_i/ViT_DDR_AxiLite_Wrap_0/inst/u_core/u_vit_image_top/u_shared_systolic/genblk3[0].genblk1[0].pe/mul_dsp_reg/CLK
Low Pulse Width   Slow    RAMD32/CLK   n/a            1.250         20.000      18.750     SLICE_X6Y35  vit_bd_i/smartconnect_1/inst/s00_nodes/s00_ar_node/inst/inst_mi_handler/gen_normal_area.inst_fifo_node_payld/gen_xpm_memory_fifo.inst_fifo/gen_mem_rep[0].inst_xpm_memory/xpm_memory_base_inst/gen_wr_a.gen_word_narrow.mem_reg_0_31_0_5/RAMA/CLK
High Pulse Width  Slow    RAMD32/CLK   n/a            1.250         20.000      18.750     SLICE_X6Y35  vit_bd_i/smartconnect_1/inst/s00_nodes/s00_ar_node/inst/inst_mi_handler/gen_normal_area.inst_fifo_node_payld/gen_xpm_memory_fifo.inst_fifo/gen_mem_rep[0].inst_xpm_memory/xpm_memory_base_inst/gen_wr_a.gen_word_narrow.mem_reg_0_31_0_5/RAMA/CLK



---------------------------------------------------------------------------------------------------
Path Group:  **async_default**
From Clock:  clk_fpga_0
  To Clock:  clk_fpga_0

Setup :            0  Failing Endpoints,  Worst Slack       16.905ns,  Total Violation        0.000ns
Hold  :            0  Failing Endpoints,  Worst Slack        2.778ns,  Total Violation        0.000ns
---------------------------------------------------------------------------------------------------


Max Delay Paths
--------------------------------------------------------------------------------------
Slack (MET) :             16.905ns  (required time - arrival time)
  Source:                 vit_bd_i/proc_sys_reset_0/U0/ACTIVE_LOW_PR_OUT_DFF[0].FDRE_PER_N/C
                            (rising edge-triggered cell FDRE clocked by clk_fpga_0  {rise@0.000ns fall@20.000ns period=40.000ns})
  Destination:            vit_bd_i/ViT_DDR_AxiLite_Wrap_0/inst/u_core/u_vit_image_top/u_vit/rms1_stat_wr_addr_reg[5]/CLR
                            (recovery check against rising-edge clock clk_fpga_0  {rise@0.000ns fall@20.000ns period=40.000ns})
  Path Group:             **async_default**
  Path Type:              Recovery (Max at Slow Process Corner)
  Requirement:            40.000ns  (clk_fpga_0 rise@40.000ns - clk_fpga_0 rise@0.000ns)
  Data Path Delay:        21.938ns  (logic 0.716ns (3.264%)  route 21.222ns (96.736%))
  Logic Levels:           1  (LUT1=1)
  Clock Path Skew:        -0.150ns (DCD - SCD + CPR)
    Destination Clock Delay (DCD):    2.739ns = ( 42.739 - 40.000 ) 
    Source Clock Delay      (SCD):    3.119ns
    Clock Pessimism Removal (CPR):    0.230ns
  Clock Uncertainty:      0.601ns  ((TSJ^2 + TIJ^2)^1/2 + DJ) / 2 + PE
    Total System Jitter     (TSJ):    0.071ns
    Total Input Jitter      (TIJ):    1.200ns
    Discrete Jitter          (DJ):    0.000ns
    Phase Error              (PE):    0.000ns

    Location             Delay type                Incr(ns)  Path(ns)    Netlist Resource(s)
  -------------------------------------------------------------------    -------------------
                         (clock clk_fpga_0 rise edge)
                                                      0.000     0.000 r  
    PS7_X0Y0             PS7                          0.000     0.000 r  vit_bd_i/processing_system7_0/inst/PS7_i/FCLKCLK[0]
                         net (fo=1, routed)           1.193     1.193    vit_bd_i/processing_system7_0/inst/FCLK_CLK_unbuffered[0]
    BUFGCTRL_X0Y16       BUFG (Prop_bufg_I_O)         0.101     1.294 r  vit_bd_i/processing_system7_0/inst/buffer_fclk_clk_0.FCLK_CLK_0_BUFG/O
                         net (fo=27137, routed)       1.825     3.119    vit_bd_i/proc_sys_reset_0/U0/slowest_sync_clk
    SLICE_X1Y29          FDRE                                         r  vit_bd_i/proc_sys_reset_0/U0/ACTIVE_LOW_PR_OUT_DFF[0].FDRE_PER_N/C
  -------------------------------------------------------------------    -------------------
    SLICE_X1Y29          FDRE (Prop_fdre_C_Q)         0.419     3.538 r  vit_bd_i/proc_sys_reset_0/U0/ACTIVE_LOW_PR_OUT_DFF[0].FDRE_PER_N/Q
                         net (fo=609, routed)         5.285     8.823    vit_bd_i/ViT_DDR_AxiLite_Wrap_0/inst/u_core/u_vit_image_top/u_vit/u_shared_intermediate_bram/s_axi_aresetn
    SLICE_X90Y116        LUT1 (Prop_lut1_I0_O)        0.297     9.120 f  vit_bd_i/ViT_DDR_AxiLite_Wrap_0/inst/u_core/u_vit_image_top/u_vit/u_shared_intermediate_bram/s_axi_awready_i_2/O
                         net (fo=4076, routed)       15.938    25.057    vit_bd_i/ViT_DDR_AxiLite_Wrap_0/inst/u_core/u_vit_image_top/u_vit/ACTIVE_LOW_PR_OUT_DFF[0].FDRE_PER_N
    SLICE_X24Y21         FDCE                                         f  vit_bd_i/ViT_DDR_AxiLite_Wrap_0/inst/u_core/u_vit_image_top/u_vit/rms1_stat_wr_addr_reg[5]/CLR
  -------------------------------------------------------------------    -------------------

                         (clock clk_fpga_0 rise edge)
                                                     40.000    40.000 r  
    PS7_X0Y0             PS7                          0.000    40.000 r  vit_bd_i/processing_system7_0/inst/PS7_i/FCLKCLK[0]
                         net (fo=1, routed)           1.088    41.088    vit_bd_i/processing_system7_0/inst/FCLK_CLK_unbuffered[0]
    BUFGCTRL_X0Y16       BUFG (Prop_bufg_I_O)         0.091    41.179 r  vit_bd_i/processing_system7_0/inst/buffer_fclk_clk_0.FCLK_CLK_0_BUFG/O
                         net (fo=27137, routed)       1.560    42.739    vit_bd_i/ViT_DDR_AxiLite_Wrap_0/inst/u_core/u_vit_image_top/u_vit/s_axi_aclk
    SLICE_X24Y21         FDCE                                         r  vit_bd_i/ViT_DDR_AxiLite_Wrap_0/inst/u_core/u_vit_image_top/u_vit/rms1_stat_wr_addr_reg[5]/C
                         clock pessimism              0.230    42.969    
                         clock uncertainty           -0.601    42.368    
    SLICE_X24Y21         FDCE (Recov_fdce_C_CLR)     -0.405    41.963    vit_bd_i/ViT_DDR_AxiLite_Wrap_0/inst/u_core/u_vit_image_top/u_vit/rms1_stat_wr_addr_reg[5]
  -------------------------------------------------------------------
                         required time                         41.963    
                         arrival time                         -25.057    
  -------------------------------------------------------------------
                         slack                                 16.905    





Min Delay Paths
--------------------------------------------------------------------------------------
Slack (MET) :             2.778ns  (arrival time - required time)
  Source:                 vit_bd_i/proc_sys_reset_0/U0/ACTIVE_LOW_PR_OUT_DFF[0].FDRE_PER_N/C
                            (rising edge-triggered cell FDRE clocked by clk_fpga_0  {rise@0.000ns fall@20.000ns period=40.000ns})
  Destination:            vit_bd_i/ViT_DDR_AxiLite_Wrap_0/inst/u_core/u_vit_image_top/u_vit/u_softmax/attention_index_reg[0]/CLR
                            (removal check against rising-edge clock clk_fpga_0  {rise@0.000ns fall@20.000ns period=40.000ns})
  Path Group:             **async_default**
  Path Type:              Removal (Min at Fast Process Corner)
  Requirement:            0.000ns  (clk_fpga_0 rise@0.000ns - clk_fpga_0 rise@0.000ns)
  Data Path Delay:        3.006ns  (logic 0.226ns (7.517%)  route 2.780ns (92.483%))
  Logic Levels:           1  (LUT1=1)
  Clock Path Skew:        0.320ns (DCD - SCD - CPR)
    Destination Clock Delay (DCD):    1.302ns
    Source Clock Delay      (SCD):    0.952ns
    Clock Pessimism Removal (CPR):    0.030ns

    Location             Delay type                Incr(ns)  Path(ns)    Netlist Resource(s)
  -------------------------------------------------------------------    -------------------
                         (clock clk_fpga_0 rise edge)
                                                      0.000     0.000 r  
    PS7_X0Y0             PS7                          0.000     0.000 r  vit_bd_i/processing_system7_0/inst/PS7_i/FCLKCLK[0]
                         net (fo=1, routed)           0.310     0.310    vit_bd_i/processing_system7_0/inst/FCLK_CLK_unbuffered[0]
    BUFGCTRL_X0Y16       BUFG (Prop_bufg_I_O)         0.026     0.336 r  vit_bd_i/processing_system7_0/inst/buffer_fclk_clk_0.FCLK_CLK_0_BUFG/O
                         net (fo=27137, routed)       0.616     0.952    vit_bd_i/proc_sys_reset_0/U0/slowest_sync_clk
    SLICE_X1Y29          FDRE                                         r  vit_bd_i/proc_sys_reset_0/U0/ACTIVE_LOW_PR_OUT_DFF[0].FDRE_PER_N/C
  -------------------------------------------------------------------    -------------------
    SLICE_X1Y29          FDRE (Prop_fdre_C_Q)         0.128     1.080 r  vit_bd_i/proc_sys_reset_0/U0/ACTIVE_LOW_PR_OUT_DFF[0].FDRE_PER_N/Q
                         net (fo=609, routed)         2.346     3.425    vit_bd_i/ViT_DDR_AxiLite_Wrap_0/inst/u_core/u_vit_image_top/u_vit/u_shared_intermediate_bram/s_axi_aresetn
    SLICE_X90Y116        LUT1 (Prop_lut1_I0_O)        0.098     3.523 f  vit_bd_i/ViT_DDR_AxiLite_Wrap_0/inst/u_core/u_vit_image_top/u_vit/u_shared_intermediate_bram/s_axi_awready_i_2/O
                         net (fo=4076, routed)        0.435     3.958    vit_bd_i/ViT_DDR_AxiLite_Wrap_0/inst/u_core/u_vit_image_top/u_vit/u_softmax/attention_valid_reg_0
    SLICE_X85Y111        FDCE                                         f  vit_bd_i/ViT_DDR_AxiLite_Wrap_0/inst/u_core/u_vit_image_top/u_vit/u_softmax/attention_index_reg[0]/CLR
  -------------------------------------------------------------------    -------------------

                         (clock clk_fpga_0 rise edge)
                                                      0.000     0.000 r  
    PS7_X0Y0             PS7                          0.000     0.000 r  vit_bd_i/processing_system7_0/inst/PS7_i/FCLKCLK[0]
                         net (fo=1, routed)           0.337     0.337    vit_bd_i/processing_system7_0/inst/FCLK_CLK_unbuffered[0]
    BUFGCTRL_X0Y16       BUFG (Prop_bufg_I_O)         0.029     0.366 r  vit_bd_i/processing_system7_0/inst/buffer_fclk_clk_0.FCLK_CLK_0_BUFG/O
                         net (fo=27137, routed)       0.936     1.302    vit_bd_i/ViT_DDR_AxiLite_Wrap_0/inst/u_core/u_vit_image_top/u_vit/u_softmax/s_axi_aclk
    SLICE_X85Y111        FDCE                                         r  vit_bd_i/ViT_DDR_AxiLite_Wrap_0/inst/u_core/u_vit_image_top/u_vit/u_softmax/attention_index_reg[0]/C
                         clock pessimism             -0.030     1.272    
    SLICE_X85Y111        FDCE (Remov_fdce_C_CLR)     -0.092     1.180    vit_bd_i/ViT_DDR_AxiLite_Wrap_0/inst/u_core/u_vit_image_top/u_vit/u_softmax/attention_index_reg[0]
  -------------------------------------------------------------------
                         required time                         -1.180    
                         arrival time                           3.958    
  -------------------------------------------------------------------
                         slack                                  2.778    





